2024-12-19 15:16:16,997 - A new study created in memory with name: miRBind_CNN
2024-12-19 15:16:20,727 - Trial 0 failed with parameters: {'cnn_layers_num': 7, 'kernel_size': 6, 'pool_size': 5, 'dense_layers_num': 5, 'learning_rate': 0.05887436900846115} because of the following error: UnimplementedError().
Traceback (most recent call last):
  File "/home/jovyan/my-conda-envs/deepExperimentTF2.7/lib/python3.8/site-packages/optuna/study/_optimize.py", line 197, in _run_trial
    value_or_values = func(trial)
  File "/tmp/ipykernel_7812/1713806393.py", line 18, in objective
    model_history = model.fit(
  File "/home/jovyan/my-conda-envs/deepExperimentTF2.7/lib/python3.8/site-packages/keras/utils/traceback_utils.py", line 67, in error_handler
    raise e.with_traceback(filtered_tb) from None
  File "/home/jovyan/my-conda-envs/deepExperimentTF2.7/lib/python3.8/site-packages/tensorflow/python/eager/execute.py", line 54, in quick_execute
    tensors = pywrap_tfe.TFE_Py_Execute(ctx._handle, device_name, op_name,
tensorflow.python.framework.errors_impl.UnimplementedError: Graph execution error:

Detected at node 'miRBind_CNN/conv2d/Conv2D' defined at (most recent call last):
    File "/home/jovyan/my-conda-envs/deepExperimentTF2.7/lib/python3.8/runpy.py", line 194, in _run_module_as_main
      return _run_code(code, main_globals, None,
    File "/home/jovyan/my-conda-envs/deepExperimentTF2.7/lib/python3.8/runpy.py", line 87, in _run_code
      exec(code, run_globals)
    File "/home/jovyan/my-conda-envs/deepExperimentTF2.7/lib/python3.8/site-packages/ipykernel_launcher.py", line 17, in <module>
      app.launch_new_instance()
    File "/home/jovyan/my-conda-envs/deepExperimentTF2.7/lib/python3.8/site-packages/traitlets/config/application.py", line 1043, in launch_instance
      app.start()
    File "/home/jovyan/my-conda-envs/deepExperimentTF2.7/lib/python3.8/site-packages/ipykernel/kernelapp.py", line 725, in start
      self.io_loop.start()
    File "/home/jovyan/my-conda-envs/deepExperimentTF2.7/lib/python3.8/site-packages/tornado/platform/asyncio.py", line 215, in start
      self.asyncio_loop.run_forever()
    File "/home/jovyan/my-conda-envs/deepExperimentTF2.7/lib/python3.8/asyncio/base_events.py", line 570, in run_forever
      self._run_once()
    File "/home/jovyan/my-conda-envs/deepExperimentTF2.7/lib/python3.8/asyncio/base_events.py", line 1859, in _run_once
      handle._run()
    File "/home/jovyan/my-conda-envs/deepExperimentTF2.7/lib/python3.8/asyncio/events.py", line 81, in _run
      self._context.run(self._callback, *self._args)
    File "/home/jovyan/my-conda-envs/deepExperimentTF2.7/lib/python3.8/site-packages/ipykernel/kernelbase.py", line 513, in dispatch_queue
      await self.process_one()
    File "/home/jovyan/my-conda-envs/deepExperimentTF2.7/lib/python3.8/site-packages/ipykernel/kernelbase.py", line 502, in process_one
      await dispatch(*args)
    File "/home/jovyan/my-conda-envs/deepExperimentTF2.7/lib/python3.8/site-packages/ipykernel/kernelbase.py", line 409, in dispatch_shell
      await result
    File "/home/jovyan/my-conda-envs/deepExperimentTF2.7/lib/python3.8/site-packages/ipykernel/kernelbase.py", line 729, in execute_request
      reply_content = await reply_content
    File "/home/jovyan/my-conda-envs/deepExperimentTF2.7/lib/python3.8/site-packages/ipykernel/ipkernel.py", line 422, in do_execute
      res = shell.run_cell(
    File "/home/jovyan/my-conda-envs/deepExperimentTF2.7/lib/python3.8/site-packages/ipykernel/zmqshell.py", line 540, in run_cell
      return super().run_cell(*args, **kwargs)
    File "/home/jovyan/my-conda-envs/deepExperimentTF2.7/lib/python3.8/site-packages/IPython/core/interactiveshell.py", line 2961, in run_cell
      result = self._run_cell(
    File "/home/jovyan/my-conda-envs/deepExperimentTF2.7/lib/python3.8/site-packages/IPython/core/interactiveshell.py", line 3016, in _run_cell
      result = runner(coro)
    File "/home/jovyan/my-conda-envs/deepExperimentTF2.7/lib/python3.8/site-packages/IPython/core/async_helpers.py", line 129, in _pseudo_sync_runner
      coro.send(None)
    File "/home/jovyan/my-conda-envs/deepExperimentTF2.7/lib/python3.8/site-packages/IPython/core/interactiveshell.py", line 3221, in run_cell_async
      has_raised = await self.run_ast_nodes(code_ast.body, cell_name,
    File "/home/jovyan/my-conda-envs/deepExperimentTF2.7/lib/python3.8/site-packages/IPython/core/interactiveshell.py", line 3400, in run_ast_nodes
      if await self.run_code(code, result, async_=asy):
    File "/home/jovyan/my-conda-envs/deepExperimentTF2.7/lib/python3.8/site-packages/IPython/core/interactiveshell.py", line 3460, in run_code
      exec(code_obj, self.user_global_ns, self.user_ns)
    File "/tmp/ipykernel_7812/2048605125.py", line 2, in <module>
      study.optimize(objective, n_trials=20)
    File "/home/jovyan/my-conda-envs/deepExperimentTF2.7/lib/python3.8/site-packages/optuna/study/study.py", line 475, in optimize
      _optimize(
    File "/home/jovyan/my-conda-envs/deepExperimentTF2.7/lib/python3.8/site-packages/optuna/study/_optimize.py", line 63, in _optimize
      _optimize_sequential(
    File "/home/jovyan/my-conda-envs/deepExperimentTF2.7/lib/python3.8/site-packages/optuna/study/_optimize.py", line 160, in _optimize_sequential
      frozen_trial = _run_trial(study, func, catch)
    File "/home/jovyan/my-conda-envs/deepExperimentTF2.7/lib/python3.8/site-packages/optuna/study/_optimize.py", line 197, in _run_trial
      value_or_values = func(trial)
    File "/tmp/ipykernel_7812/1713806393.py", line 18, in objective
      model_history = model.fit(
    File "/home/jovyan/my-conda-envs/deepExperimentTF2.7/lib/python3.8/site-packages/keras/utils/traceback_utils.py", line 64, in error_handler
      return fn(*args, **kwargs)
    File "/home/jovyan/my-conda-envs/deepExperimentTF2.7/lib/python3.8/site-packages/keras/engine/training.py", line 1409, in fit
      tmp_logs = self.train_function(iterator)
    File "/home/jovyan/my-conda-envs/deepExperimentTF2.7/lib/python3.8/site-packages/keras/engine/training.py", line 1051, in train_function
      return step_function(self, iterator)
    File "/home/jovyan/my-conda-envs/deepExperimentTF2.7/lib/python3.8/site-packages/keras/engine/training.py", line 1040, in step_function
      outputs = model.distribute_strategy.run(run_step, args=(data,))
    File "/home/jovyan/my-conda-envs/deepExperimentTF2.7/lib/python3.8/site-packages/keras/engine/training.py", line 1030, in run_step
      outputs = model.train_step(data)
    File "/home/jovyan/my-conda-envs/deepExperimentTF2.7/lib/python3.8/site-packages/keras/engine/training.py", line 889, in train_step
      y_pred = self(x, training=True)
    File "/home/jovyan/my-conda-envs/deepExperimentTF2.7/lib/python3.8/site-packages/keras/utils/traceback_utils.py", line 64, in error_handler
      return fn(*args, **kwargs)
    File "/home/jovyan/my-conda-envs/deepExperimentTF2.7/lib/python3.8/site-packages/keras/engine/training.py", line 490, in __call__
      return super().__call__(*args, **kwargs)
    File "/home/jovyan/my-conda-envs/deepExperimentTF2.7/lib/python3.8/site-packages/keras/utils/traceback_utils.py", line 64, in error_handler
      return fn(*args, **kwargs)
    File "/home/jovyan/my-conda-envs/deepExperimentTF2.7/lib/python3.8/site-packages/keras/engine/base_layer.py", line 1014, in __call__
      outputs = call_fn(inputs, *args, **kwargs)
    File "/home/jovyan/my-conda-envs/deepExperimentTF2.7/lib/python3.8/site-packages/keras/utils/traceback_utils.py", line 92, in error_handler
      return fn(*args, **kwargs)
    File "/home/jovyan/my-conda-envs/deepExperimentTF2.7/lib/python3.8/site-packages/keras/engine/functional.py", line 458, in call
      return self._run_internal_graph(
    File "/home/jovyan/my-conda-envs/deepExperimentTF2.7/lib/python3.8/site-packages/keras/engine/functional.py", line 596, in _run_internal_graph
      outputs = node.layer(*args, **kwargs)
    File "/home/jovyan/my-conda-envs/deepExperimentTF2.7/lib/python3.8/site-packages/keras/utils/traceback_utils.py", line 64, in error_handler
      return fn(*args, **kwargs)
    File "/home/jovyan/my-conda-envs/deepExperimentTF2.7/lib/python3.8/site-packages/keras/engine/base_layer.py", line 1014, in __call__
      outputs = call_fn(inputs, *args, **kwargs)
    File "/home/jovyan/my-conda-envs/deepExperimentTF2.7/lib/python3.8/site-packages/keras/utils/traceback_utils.py", line 92, in error_handler
      return fn(*args, **kwargs)
    File "/home/jovyan/my-conda-envs/deepExperimentTF2.7/lib/python3.8/site-packages/keras/layers/convolutional/base_conv.py", line 250, in call
      outputs = self.convolution_op(inputs, self.kernel)
    File "/home/jovyan/my-conda-envs/deepExperimentTF2.7/lib/python3.8/site-packages/keras/layers/convolutional/base_conv.py", line 225, in convolution_op
      return tf.nn.convolution(
Node: 'miRBind_CNN/conv2d/Conv2D'
Detected at node 'miRBind_CNN/conv2d/Conv2D' defined at (most recent call last):
    File "/home/jovyan/my-conda-envs/deepExperimentTF2.7/lib/python3.8/runpy.py", line 194, in _run_module_as_main
      return _run_code(code, main_globals, None,
    File "/home/jovyan/my-conda-envs/deepExperimentTF2.7/lib/python3.8/runpy.py", line 87, in _run_code
      exec(code, run_globals)
    File "/home/jovyan/my-conda-envs/deepExperimentTF2.7/lib/python3.8/site-packages/ipykernel_launcher.py", line 17, in <module>
      app.launch_new_instance()
    File "/home/jovyan/my-conda-envs/deepExperimentTF2.7/lib/python3.8/site-packages/traitlets/config/application.py", line 1043, in launch_instance
      app.start()
    File "/home/jovyan/my-conda-envs/deepExperimentTF2.7/lib/python3.8/site-packages/ipykernel/kernelapp.py", line 725, in start
      self.io_loop.start()
    File "/home/jovyan/my-conda-envs/deepExperimentTF2.7/lib/python3.8/site-packages/tornado/platform/asyncio.py", line 215, in start
      self.asyncio_loop.run_forever()
    File "/home/jovyan/my-conda-envs/deepExperimentTF2.7/lib/python3.8/asyncio/base_events.py", line 570, in run_forever
      self._run_once()
    File "/home/jovyan/my-conda-envs/deepExperimentTF2.7/lib/python3.8/asyncio/base_events.py", line 1859, in _run_once
      handle._run()
    File "/home/jovyan/my-conda-envs/deepExperimentTF2.7/lib/python3.8/asyncio/events.py", line 81, in _run
      self._context.run(self._callback, *self._args)
    File "/home/jovyan/my-conda-envs/deepExperimentTF2.7/lib/python3.8/site-packages/ipykernel/kernelbase.py", line 513, in dispatch_queue
      await self.process_one()
    File "/home/jovyan/my-conda-envs/deepExperimentTF2.7/lib/python3.8/site-packages/ipykernel/kernelbase.py", line 502, in process_one
      await dispatch(*args)
    File "/home/jovyan/my-conda-envs/deepExperimentTF2.7/lib/python3.8/site-packages/ipykernel/kernelbase.py", line 409, in dispatch_shell
      await result
    File "/home/jovyan/my-conda-envs/deepExperimentTF2.7/lib/python3.8/site-packages/ipykernel/kernelbase.py", line 729, in execute_request
      reply_content = await reply_content
    File "/home/jovyan/my-conda-envs/deepExperimentTF2.7/lib/python3.8/site-packages/ipykernel/ipkernel.py", line 422, in do_execute
      res = shell.run_cell(
    File "/home/jovyan/my-conda-envs/deepExperimentTF2.7/lib/python3.8/site-packages/ipykernel/zmqshell.py", line 540, in run_cell
      return super().run_cell(*args, **kwargs)
    File "/home/jovyan/my-conda-envs/deepExperimentTF2.7/lib/python3.8/site-packages/IPython/core/interactiveshell.py", line 2961, in run_cell
      result = self._run_cell(
    File "/home/jovyan/my-conda-envs/deepExperimentTF2.7/lib/python3.8/site-packages/IPython/core/interactiveshell.py", line 3016, in _run_cell
      result = runner(coro)
    File "/home/jovyan/my-conda-envs/deepExperimentTF2.7/lib/python3.8/site-packages/IPython/core/async_helpers.py", line 129, in _pseudo_sync_runner
      coro.send(None)
    File "/home/jovyan/my-conda-envs/deepExperimentTF2.7/lib/python3.8/site-packages/IPython/core/interactiveshell.py", line 3221, in run_cell_async
      has_raised = await self.run_ast_nodes(code_ast.body, cell_name,
    File "/home/jovyan/my-conda-envs/deepExperimentTF2.7/lib/python3.8/site-packages/IPython/core/interactiveshell.py", line 3400, in run_ast_nodes
      if await self.run_code(code, result, async_=asy):
    File "/home/jovyan/my-conda-envs/deepExperimentTF2.7/lib/python3.8/site-packages/IPython/core/interactiveshell.py", line 3460, in run_code
      exec(code_obj, self.user_global_ns, self.user_ns)
    File "/tmp/ipykernel_7812/2048605125.py", line 2, in <module>
      study.optimize(objective, n_trials=20)
    File "/home/jovyan/my-conda-envs/deepExperimentTF2.7/lib/python3.8/site-packages/optuna/study/study.py", line 475, in optimize
      _optimize(
    File "/home/jovyan/my-conda-envs/deepExperimentTF2.7/lib/python3.8/site-packages/optuna/study/_optimize.py", line 63, in _optimize
      _optimize_sequential(
    File "/home/jovyan/my-conda-envs/deepExperimentTF2.7/lib/python3.8/site-packages/optuna/study/_optimize.py", line 160, in _optimize_sequential
      frozen_trial = _run_trial(study, func, catch)
    File "/home/jovyan/my-conda-envs/deepExperimentTF2.7/lib/python3.8/site-packages/optuna/study/_optimize.py", line 197, in _run_trial
      value_or_values = func(trial)
    File "/tmp/ipykernel_7812/1713806393.py", line 18, in objective
      model_history = model.fit(
    File "/home/jovyan/my-conda-envs/deepExperimentTF2.7/lib/python3.8/site-packages/keras/utils/traceback_utils.py", line 64, in error_handler
      return fn(*args, **kwargs)
    File "/home/jovyan/my-conda-envs/deepExperimentTF2.7/lib/python3.8/site-packages/keras/engine/training.py", line 1409, in fit
      tmp_logs = self.train_function(iterator)
    File "/home/jovyan/my-conda-envs/deepExperimentTF2.7/lib/python3.8/site-packages/keras/engine/training.py", line 1051, in train_function
      return step_function(self, iterator)
    File "/home/jovyan/my-conda-envs/deepExperimentTF2.7/lib/python3.8/site-packages/keras/engine/training.py", line 1040, in step_function
      outputs = model.distribute_strategy.run(run_step, args=(data,))
    File "/home/jovyan/my-conda-envs/deepExperimentTF2.7/lib/python3.8/site-packages/keras/engine/training.py", line 1030, in run_step
      outputs = model.train_step(data)
    File "/home/jovyan/my-conda-envs/deepExperimentTF2.7/lib/python3.8/site-packages/keras/engine/training.py", line 889, in train_step
      y_pred = self(x, training=True)
    File "/home/jovyan/my-conda-envs/deepExperimentTF2.7/lib/python3.8/site-packages/keras/utils/traceback_utils.py", line 64, in error_handler
      return fn(*args, **kwargs)
    File "/home/jovyan/my-conda-envs/deepExperimentTF2.7/lib/python3.8/site-packages/keras/engine/training.py", line 490, in __call__
      return super().__call__(*args, **kwargs)
    File "/home/jovyan/my-conda-envs/deepExperimentTF2.7/lib/python3.8/site-packages/keras/utils/traceback_utils.py", line 64, in error_handler
      return fn(*args, **kwargs)
    File "/home/jovyan/my-conda-envs/deepExperimentTF2.7/lib/python3.8/site-packages/keras/engine/base_layer.py", line 1014, in __call__
      outputs = call_fn(inputs, *args, **kwargs)
    File "/home/jovyan/my-conda-envs/deepExperimentTF2.7/lib/python3.8/site-packages/keras/utils/traceback_utils.py", line 92, in error_handler
      return fn(*args, **kwargs)
    File "/home/jovyan/my-conda-envs/deepExperimentTF2.7/lib/python3.8/site-packages/keras/engine/functional.py", line 458, in call
      return self._run_internal_graph(
    File "/home/jovyan/my-conda-envs/deepExperimentTF2.7/lib/python3.8/site-packages/keras/engine/functional.py", line 596, in _run_internal_graph
      outputs = node.layer(*args, **kwargs)
    File "/home/jovyan/my-conda-envs/deepExperimentTF2.7/lib/python3.8/site-packages/keras/utils/traceback_utils.py", line 64, in error_handler
      return fn(*args, **kwargs)
    File "/home/jovyan/my-conda-envs/deepExperimentTF2.7/lib/python3.8/site-packages/keras/engine/base_layer.py", line 1014, in __call__
      outputs = call_fn(inputs, *args, **kwargs)
    File "/home/jovyan/my-conda-envs/deepExperimentTF2.7/lib/python3.8/site-packages/keras/utils/traceback_utils.py", line 92, in error_handler
      return fn(*args, **kwargs)
    File "/home/jovyan/my-conda-envs/deepExperimentTF2.7/lib/python3.8/site-packages/keras/layers/convolutional/base_conv.py", line 250, in call
      outputs = self.convolution_op(inputs, self.kernel)
    File "/home/jovyan/my-conda-envs/deepExperimentTF2.7/lib/python3.8/site-packages/keras/layers/convolutional/base_conv.py", line 225, in convolution_op
      return tf.nn.convolution(
Node: 'miRBind_CNN/conv2d/Conv2D'
2 root error(s) found.
  (0) UNIMPLEMENTED:  DNN library is not found.
	 [[{{node miRBind_CNN/conv2d/Conv2D}}]]
	 [[assert_greater_equal/Assert/AssertGuard/pivot_f/_3/_41]]
  (1) UNIMPLEMENTED:  DNN library is not found.
	 [[{{node miRBind_CNN/conv2d/Conv2D}}]]
0 successful operations.
0 derived errors ignored. [Op:__inference_train_function_4880]
2024-12-19 15:16:20,730 - Trial 0 failed with value None.
2024-12-19 15:16:20,937 - There are no complete trials.
